  [1m[36m (2.6ms)[0m  [1mCREATE TABLE "delayed_jobs" ("id" INTEGER PRIMARY KEY AUTOINCREMENT NOT NULL, "priority" integer DEFAULT 0 NOT NULL, "attempts" integer DEFAULT 0 NOT NULL, "handler" text NOT NULL, "last_error" text, "run_at" datetime, "locked_at" datetime, "failed_at" datetime, "locked_by" varchar, "queue" varchar, "created_at" datetime, "updated_at" datetime) [0m
  [1m[35m (0.7ms)[0m  select sqlite_version(*)
  [1m[36m (1.4ms)[0m  [1mCREATE  INDEX "delayed_jobs_priority" ON "delayed_jobs" ("priority", "run_at")[0m
  [1m[35m (1.2ms)[0m  CREATE TABLE "orders" ("id" INTEGER PRIMARY KEY AUTOINCREMENT NOT NULL, "quantity" integer DEFAULT 1 NOT NULL, "time_fulfilled" datetime, "location" varchar DEFAULT '' NOT NULL, "expiration" integer, "created_at" datetime NOT NULL, "updated_at" datetime NOT NULL, "consumer_id" integer, "producer_id" integer, "status" integer NOT NULL) 
  [1m[36m (1.1ms)[0m  [1mCREATE  INDEX "index_orders_on_consumer_id" ON "orders" ("consumer_id")[0m
  [1m[35m (0.1ms)[0m              SELECT sql
            FROM sqlite_master
            WHERE name='index_orders_on_consumer_id' AND type='index'
            UNION ALL
            SELECT sql
            FROM sqlite_temp_master
            WHERE name='index_orders_on_consumer_id' AND type='index'

  [1m[36m (1.0ms)[0m  [1mCREATE  INDEX "index_orders_on_producer_id" ON "orders" ("producer_id")[0m
  [1m[35m (1.3ms)[0m  CREATE TABLE "users" ("id" INTEGER PRIMARY KEY AUTOINCREMENT NOT NULL, "email" varchar DEFAULT '' NOT NULL, "encrypted_password" varchar DEFAULT '' NOT NULL, "reset_password_token" varchar, "reset_password_sent_at" datetime, "remember_created_at" datetime, "sign_in_count" integer DEFAULT 0 NOT NULL, "current_sign_in_at" datetime, "last_sign_in_at" datetime, "current_sign_in_ip" varchar, "last_sign_in_ip" varchar, "created_at" datetime, "updated_at" datetime, "name" varchar NOT NULL, "role" integer NOT NULL, "phone" varchar NOT NULL) 
  [1m[36m (1.2ms)[0m  [1mCREATE UNIQUE INDEX "index_users_on_email" ON "users" ("email")[0m
  [1m[35m (0.1ms)[0m              SELECT sql
            FROM sqlite_master
            WHERE name='index_users_on_email' AND type='index'
            UNION ALL
            SELECT sql
            FROM sqlite_temp_master
            WHERE name='index_users_on_email' AND type='index'

  [1m[36m (1.3ms)[0m  [1mCREATE UNIQUE INDEX "index_users_on_reset_password_token" ON "users" ("reset_password_token")[0m
  [1m[35m (1.5ms)[0m  CREATE TABLE "schema_migrations" ("version" varchar NOT NULL) 
  [1m[36m (1.2ms)[0m  [1mCREATE UNIQUE INDEX "unique_schema_migrations" ON "schema_migrations" ("version")[0m
  [1m[35m (0.2ms)[0m  SELECT version FROM "schema_migrations"
  [1m[36m (1.2ms)[0m  [1mINSERT INTO "schema_migrations" (version) VALUES ('20150422121523')[0m
  [1m[35m (1.1ms)[0m  INSERT INTO "schema_migrations" (version) VALUES ('20150412003616')
  [1m[36m (1.1ms)[0m  [1mINSERT INTO "schema_migrations" (version) VALUES ('20150414161031')[0m
  [1m[35m (1.1ms)[0m  INSERT INTO "schema_migrations" (version) VALUES ('20150416141959')
  [1m[36m (1.2ms)[0m  [1mINSERT INTO "schema_migrations" (version) VALUES ('20150419135655')[0m
  [1m[35m (1.2ms)[0m  INSERT INTO "schema_migrations" (version) VALUES ('20150421152108')
  [1m[36m (1.4ms)[0m  [1mINSERT INTO "schema_migrations" (version) VALUES ('20150421185929')[0m
  [1m[35m (1.3ms)[0m  INSERT INTO "schema_migrations" (version) VALUES ('20150421200320')
  [1m[36m (1.8ms)[0m  [1mINSERT INTO "schema_migrations" (version) VALUES ('20150422013118')[0m
  [1m[35m (1.5ms)[0m  CREATE TABLE "delayed_jobs" ("id" INTEGER PRIMARY KEY AUTOINCREMENT NOT NULL, "priority" integer DEFAULT 0 NOT NULL, "attempts" integer DEFAULT 0 NOT NULL, "handler" text NOT NULL, "last_error" text, "run_at" datetime, "locked_at" datetime, "failed_at" datetime, "locked_by" varchar, "queue" varchar, "created_at" datetime, "updated_at" datetime) 
  [1m[36m (0.1ms)[0m  [1mselect sqlite_version(*)[0m
  [1m[35m (1.1ms)[0m  CREATE  INDEX "delayed_jobs_priority" ON "delayed_jobs" ("priority", "run_at")
  [1m[36m (1.3ms)[0m  [1mCREATE TABLE "orders" ("id" INTEGER PRIMARY KEY AUTOINCREMENT NOT NULL, "quantity" integer DEFAULT 1 NOT NULL, "time_fulfilled" datetime, "location" varchar DEFAULT '' NOT NULL, "expiration" integer, "created_at" datetime NOT NULL, "updated_at" datetime NOT NULL, "consumer_id" integer, "producer_id" integer, "status" integer NOT NULL) [0m
  [1m[35m (1.3ms)[0m  CREATE  INDEX "index_orders_on_consumer_id" ON "orders" ("consumer_id")
  [1m[36m (0.2ms)[0m  [1m            SELECT sql
            FROM sqlite_master
            WHERE name='index_orders_on_consumer_id' AND type='index'
            UNION ALL
            SELECT sql
            FROM sqlite_temp_master
            WHERE name='index_orders_on_consumer_id' AND type='index'
[0m
  [1m[35m (1.6ms)[0m  CREATE  INDEX "index_orders_on_producer_id" ON "orders" ("producer_id")
  [1m[36m (1.4ms)[0m  [1mCREATE TABLE "users" ("id" INTEGER PRIMARY KEY AUTOINCREMENT NOT NULL, "email" varchar DEFAULT '' NOT NULL, "encrypted_password" varchar DEFAULT '' NOT NULL, "reset_password_token" varchar, "reset_password_sent_at" datetime, "remember_created_at" datetime, "sign_in_count" integer DEFAULT 0 NOT NULL, "current_sign_in_at" datetime, "last_sign_in_at" datetime, "current_sign_in_ip" varchar, "last_sign_in_ip" varchar, "created_at" datetime, "updated_at" datetime, "name" varchar NOT NULL, "role" integer NOT NULL, "phone" varchar NOT NULL) [0m
  [1m[35m (1.2ms)[0m  CREATE UNIQUE INDEX "index_users_on_email" ON "users" ("email")
  [1m[36m (0.1ms)[0m  [1m            SELECT sql
            FROM sqlite_master
            WHERE name='index_users_on_email' AND type='index'
            UNION ALL
            SELECT sql
            FROM sqlite_temp_master
            WHERE name='index_users_on_email' AND type='index'
[0m
  [1m[35m (1.1ms)[0m  CREATE UNIQUE INDEX "index_users_on_reset_password_token" ON "users" ("reset_password_token")
  [1m[36m (1.3ms)[0m  [1mCREATE TABLE "schema_migrations" ("version" varchar NOT NULL) [0m
  [1m[35m (1.3ms)[0m  CREATE UNIQUE INDEX "unique_schema_migrations" ON "schema_migrations" ("version")
  [1m[36m (0.1ms)[0m  [1mSELECT version FROM "schema_migrations"[0m
  [1m[35m (1.2ms)[0m  INSERT INTO "schema_migrations" (version) VALUES ('20150422121523')
  [1m[36m (1.2ms)[0m  [1mINSERT INTO "schema_migrations" (version) VALUES ('20150412003616')[0m
  [1m[35m (1.3ms)[0m  INSERT INTO "schema_migrations" (version) VALUES ('20150414161031')
  [1m[36m (1.4ms)[0m  [1mINSERT INTO "schema_migrations" (version) VALUES ('20150416141959')[0m
  [1m[35m (1.1ms)[0m  INSERT INTO "schema_migrations" (version) VALUES ('20150419135655')
  [1m[36m (1.6ms)[0m  [1mINSERT INTO "schema_migrations" (version) VALUES ('20150421152108')[0m
  [1m[35m (1.1ms)[0m  INSERT INTO "schema_migrations" (version) VALUES ('20150421185929')
  [1m[36m (1.0ms)[0m  [1mINSERT INTO "schema_migrations" (version) VALUES ('20150421200320')[0m
  [1m[35m (1.6ms)[0m  INSERT INTO "schema_migrations" (version) VALUES ('20150422013118')
  [1m[36mActiveRecord::SchemaMigration Load (0.1ms)[0m  [1mSELECT "schema_migrations".* FROM "schema_migrations"[0m
  [1m[36mDelayed::Backend::ActiveRecord::Job Load (1.1ms)[0m  [1mSELECT "delayed_jobs".* FROM "delayed_jobs" WHERE "delayed_jobs"."queue" = ?[0m  [["queue", "expiration"]]
[ActiveJob] Enqueued OrderExpirationCheckerJob (Job ID: eaa47f9f-b53e-4fc3-be55-b14546fda4ba) to DelayedJob(expiration)
[ActiveJob]   [1m[35m (0.1ms)[0m  begin transaction
[ActiveJob]   [1m[36mSQL (0.9ms)[0m  [1mINSERT INTO "delayed_jobs" ("queue", "handler", "run_at", "created_at", "updated_at") VALUES (?, ?, ?, ?, ?)[0m  [["queue", "expiration"], ["handler", "--- !ruby/object:ActiveJob::QueueAdapters::DelayedJobAdapter::JobWrapper\njob_data:\n  job_class: OrderExpirationCheckerJob\n  job_id: eaa47f9f-b53e-4fc3-be55-b14546fda4ba\n  queue_name: expiration\n  arguments: []\n"], ["run_at", "2015-04-27 18:02:37.126604"], ["created_at", "2015-04-27 18:02:37.126811"], ["updated_at", "2015-04-27 18:02:37.126811"]]
[ActiveJob]   [1m[35m (1.2ms)[0m  commit transaction
  [1m[36mActiveRecord::SchemaMigration Load (0.6ms)[0m  [1mSELECT "schema_migrations".* FROM "schema_migrations"[0m
  [1m[35mActiveRecord::SchemaMigration Load (0.1ms)[0m  SELECT "schema_migrations".* FROM "schema_migrations"
  [1m[36m (0.2ms)[0m  [1m            SELECT sql
            FROM sqlite_master
            WHERE name='delayed_jobs_priority' AND type='index'
            UNION ALL
            SELECT sql
            FROM sqlite_temp_master
            WHERE name='delayed_jobs_priority' AND type='index'
[0m
  [1m[35m (0.1ms)[0m              SELECT sql
            FROM sqlite_master
            WHERE name='index_orders_on_producer_id' AND type='index'
            UNION ALL
            SELECT sql
            FROM sqlite_temp_master
            WHERE name='index_orders_on_producer_id' AND type='index'

  [1m[36m (0.1ms)[0m  [1m            SELECT sql
            FROM sqlite_master
            WHERE name='index_orders_on_consumer_id' AND type='index'
            UNION ALL
            SELECT sql
            FROM sqlite_temp_master
            WHERE name='index_orders_on_consumer_id' AND type='index'
[0m
  [1m[35m (0.1ms)[0m              SELECT sql
            FROM sqlite_master
            WHERE name='index_users_on_reset_password_token' AND type='index'
            UNION ALL
            SELECT sql
            FROM sqlite_temp_master
            WHERE name='index_users_on_reset_password_token' AND type='index'

  [1m[36m (0.1ms)[0m  [1m            SELECT sql
            FROM sqlite_master
            WHERE name='index_users_on_email' AND type='index'
            UNION ALL
            SELECT sql
            FROM sqlite_temp_master
            WHERE name='index_users_on_email' AND type='index'
[0m
  [1m[36mDelayed::Backend::ActiveRecord::Job Load (0.2ms)[0m  [1mSELECT "delayed_jobs".* FROM "delayed_jobs" WHERE "delayed_jobs"."queue" = ?[0m  [["queue", "expiration"]]
  [1m[35m (0.1ms)[0m  begin transaction
  [1m[36mSQL (0.4ms)[0m  [1mDELETE FROM "delayed_jobs" WHERE "delayed_jobs"."id" = ?[0m  [["id", 1]]
  [1m[35m (2.4ms)[0m  commit transaction
[ActiveJob] Enqueued OrderExpirationCheckerJob (Job ID: 224bd37a-d91d-4d37-9b9c-1e574f45899d) to DelayedJob(expiration)
[ActiveJob]   [1m[36m (0.1ms)[0m  [1mbegin transaction[0m
[ActiveJob]   [1m[35mSQL (0.4ms)[0m  INSERT INTO "delayed_jobs" ("queue", "handler", "run_at", "created_at", "updated_at") VALUES (?, ?, ?, ?, ?)  [["queue", "expiration"], ["handler", "--- !ruby/object:ActiveJob::QueueAdapters::DelayedJobAdapter::JobWrapper\njob_data:\n  job_class: OrderExpirationCheckerJob\n  job_id: 224bd37a-d91d-4d37-9b9c-1e574f45899d\n  queue_name: expiration\n  arguments: []\n"], ["run_at", "2015-04-27 18:02:50.330023"], ["created_at", "2015-04-27 18:02:50.330207"], ["updated_at", "2015-04-27 18:02:50.330207"]]
[ActiveJob]   [1m[36m (1.3ms)[0m  [1mcommit transaction[0m
  [1m[36mDelayed::Backend::ActiveRecord::Job Load (0.3ms)[0m  [1mSELECT "delayed_jobs".* FROM "delayed_jobs" WHERE "delayed_jobs"."queue" = ?[0m  [["queue", "expiration"]]
  [1m[35m (0.2ms)[0m  begin transaction
  [1m[36mSQL (0.6ms)[0m  [1mDELETE FROM "delayed_jobs" WHERE "delayed_jobs"."id" = ?[0m  [["id", 2]]
  [1m[35m (1.1ms)[0m  commit transaction
[ActiveJob] Enqueued OrderExpirationCheckerJob (Job ID: a8799314-6694-4318-9d6e-30799c831c19) to DelayedJob(expiration)
[ActiveJob]   [1m[36m (0.1ms)[0m  [1mbegin transaction[0m
[ActiveJob]   [1m[35mSQL (0.4ms)[0m  INSERT INTO "delayed_jobs" ("queue", "handler", "run_at", "created_at", "updated_at") VALUES (?, ?, ?, ?, ?)  [["queue", "expiration"], ["handler", "--- !ruby/object:ActiveJob::QueueAdapters::DelayedJobAdapter::JobWrapper\njob_data:\n  job_class: OrderExpirationCheckerJob\n  job_id: a8799314-6694-4318-9d6e-30799c831c19\n  queue_name: expiration\n  arguments: []\n"], ["run_at", "2015-04-27 18:03:25.336993"], ["created_at", "2015-04-27 18:03:25.337246"], ["updated_at", "2015-04-27 18:03:25.337246"]]
[ActiveJob]   [1m[36m (1.6ms)[0m  [1mcommit transaction[0m
  [1m[36mDelayed::Backend::ActiveRecord::Job Load (0.7ms)[0m  [1mSELECT "delayed_jobs".* FROM "delayed_jobs" WHERE "delayed_jobs"."queue" = ?[0m  [["queue", "expiration"]]
  [1m[35m (0.1ms)[0m  begin transaction
  [1m[36mSQL (0.9ms)[0m  [1mDELETE FROM "delayed_jobs" WHERE "delayed_jobs"."id" = ?[0m  [["id", 3]]
  [1m[35m (1.0ms)[0m  commit transaction
[ActiveJob] Enqueued OrderExpirationCheckerJob (Job ID: ca9088d0-a029-427a-9801-23045c2f716b) to DelayedJob(expiration)
[ActiveJob]   [1m[36m (0.1ms)[0m  [1mbegin transaction[0m
[ActiveJob]   [1m[35mSQL (0.5ms)[0m  INSERT INTO "delayed_jobs" ("queue", "handler", "run_at", "created_at", "updated_at") VALUES (?, ?, ?, ?, ?)  [["queue", "expiration"], ["handler", "--- !ruby/object:ActiveJob::QueueAdapters::DelayedJobAdapter::JobWrapper\njob_data:\n  job_class: OrderExpirationCheckerJob\n  job_id: ca9088d0-a029-427a-9801-23045c2f716b\n  queue_name: expiration\n  arguments: []\n"], ["run_at", "2015-04-27 18:04:57.514070"], ["created_at", "2015-04-27 18:04:57.514286"], ["updated_at", "2015-04-27 18:04:57.514286"]]
[ActiveJob]   [1m[36m (1.1ms)[0m  [1mcommit transaction[0m
  [1m[36mDelayed::Backend::ActiveRecord::Job Load (0.9ms)[0m  [1mSELECT "delayed_jobs".* FROM "delayed_jobs" WHERE "delayed_jobs"."queue" = ?[0m  [["queue", "expiration"]]
  [1m[35m (0.2ms)[0m  begin transaction
  [1m[36mSQL (0.7ms)[0m  [1mDELETE FROM "delayed_jobs" WHERE "delayed_jobs"."id" = ?[0m  [["id", 4]]
  [1m[35m (1.1ms)[0m  commit transaction
[ActiveJob] Enqueued OrderExpirationCheckerJob (Job ID: ec363d7b-ada1-49b5-bdec-24a83a09b8c6) to DelayedJob(expiration)
[ActiveJob]   [1m[36m (0.1ms)[0m  [1mbegin transaction[0m
[ActiveJob]   [1m[35mSQL (0.4ms)[0m  INSERT INTO "delayed_jobs" ("queue", "handler", "run_at", "created_at", "updated_at") VALUES (?, ?, ?, ?, ?)  [["queue", "expiration"], ["handler", "--- !ruby/object:ActiveJob::QueueAdapters::DelayedJobAdapter::JobWrapper\njob_data:\n  job_class: OrderExpirationCheckerJob\n  job_id: ec363d7b-ada1-49b5-bdec-24a83a09b8c6\n  queue_name: expiration\n  arguments: []\n"], ["run_at", "2015-04-27 18:08:06.847374"], ["created_at", "2015-04-27 18:08:06.847574"], ["updated_at", "2015-04-27 18:08:06.847574"]]
[ActiveJob]   [1m[36m (1.1ms)[0m  [1mcommit transaction[0m


Started GET "/" for ::1 at 2015-04-27 14:08:16 -0400
  [1m[35mActiveRecord::SchemaMigration Load (0.6ms)[0m  SELECT "schema_migrations".* FROM "schema_migrations"
Processing by LandingController#index as HTML
  Rendered landing/index.html.erb within layouts/application (2.6ms)
Completed 200 OK in 9908ms (Views: 9903.1ms | ActiveRecord: 0.0ms)


Started GET "/assets/application.self-569cf81401a10ee6d43c261112b07d6ea0aca55c24ed6819fc4a89f5d8fb4b5f.css?body=1" for ::1 at 2015-04-27 14:08:26 -0400


Started GET "/assets/landing.self-0452c3478a9d2aa7ca30e3c57e9483199e2abfd6fd3e844b4e400284c6dfdc40.css?body=1" for ::1 at 2015-04-27 14:08:26 -0400


Started GET "/assets/application.self-377610cd7c1509e934744c810e3b4cf672dfbcacac3274e7d039827e2ae0fcc7.js?body=1" for ::1 at 2015-04-27 14:08:26 -0400


Started GET "/assets/coffee-2e19f4d815c592f9e0743ebe5b2e4e889fce5e6229d212e8b2e1ab5e795a6ad7.jpg" for ::1 at 2015-04-27 14:08:26 -0400


Started GET "/users/sign_up" for ::1 at 2015-04-27 14:08:28 -0400
Processing by Devise::RegistrationsController#new as HTML
  Rendered devise/shared/_links.html.erb (1.6ms)
  Rendered devise/registrations/new.html.erb within layouts/application (126.2ms)
Completed 200 OK in 236ms (Views: 196.0ms | ActiveRecord: 13.8ms)
  [1m[36mDelayed::Backend::ActiveRecord::Job Load (0.8ms)[0m  [1mSELECT "delayed_jobs".* FROM "delayed_jobs" WHERE "delayed_jobs"."queue" = ?[0m  [["queue", "expiration"]]
  [1m[35m (0.1ms)[0m  begin transaction
  [1m[36mSQL (2.6ms)[0m  [1mDELETE FROM "delayed_jobs" WHERE "delayed_jobs"."id" = ?[0m  [["id", 5]]
  [1m[35m (1.0ms)[0m  commit transaction
[ActiveJob] Enqueued OrderExpirationCheckerJob (Job ID: 76c1220e-6bea-4299-a8c7-b1b5dab7b68f) to DelayedJob(expiration)
[ActiveJob]   [1m[36m (0.1ms)[0m  [1mbegin transaction[0m
[ActiveJob]   [1m[35mSQL (0.5ms)[0m  INSERT INTO "delayed_jobs" ("queue", "handler", "run_at", "created_at", "updated_at") VALUES (?, ?, ?, ?, ?)  [["queue", "expiration"], ["handler", "--- !ruby/object:ActiveJob::QueueAdapters::DelayedJobAdapter::JobWrapper\njob_data:\n  job_class: OrderExpirationCheckerJob\n  job_id: 76c1220e-6bea-4299-a8c7-b1b5dab7b68f\n  queue_name: expiration\n  arguments: []\n"], ["run_at", "2015-04-27 18:11:15.500043"], ["created_at", "2015-04-27 18:11:15.500269"], ["updated_at", "2015-04-27 18:11:15.500269"]]
[ActiveJob]   [1m[36m (1.5ms)[0m  [1mcommit transaction[0m
